<?xml version="1.0" encoding="UTF-8"?>
<testsuite name="Test different actions on a sandbox page" tests="3" skipped="0" failures="0" errors="0" timestamp="2021-10-22T20:49:56" hostname="LIZ" time="8.248">
  <properties/>
  <testcase name="As a Test Engineer I want to validate that a text is present inside a list." classname="Test different actions on a sandbox page" time="5.192"/>
  <testcase name="As a Test Engineer I want to validate that a text is present inside a list." classname="Test different actions on a sandbox page" time="1.951"/>
  <testcase name="As a Test Engineer I want to validate that a text is present inside a list." classname="Test different actions on a sandbox page" time="1.103"/>
  <system-out><![CDATA[The text is on the list: PASSED
The text is on the list: PASSED
The text is on the list: PASSED
]]></system-out>
  <system-err><![CDATA[Starting ChromeDriver 94.0.4606.61 (418b78f5838ed0b1c69bb4e51ea0252171854915-refs/branch-heads/4606@{#1204}) on port 3467
Only local connections are allowed.
Please see https://chromedriver.chromium.org/security-considerations for suggestions on keeping ChromeDriver safe.
ChromeDriver was started successfully.
Oct 22, 2021 5:49:58 PM org.openqa.selenium.remote.ProtocolHandshake createSession
INFO: Detected dialect: W3C
]]></system-err>
</testsuite>
