<?xml version="1.0" encoding="UTF-8"?>
<testsuite name="runner.runner" tests="0" skipped="0" failures="0" errors="0" timestamp="1970-01-01T00:00:00" hostname="LIZ" time="0.0">
  <properties/>
  <system-out><![CDATA[
3 Scenarios (3 passed)
9 Steps (9 passed)
0m8,487s

]]></system-out>
  <system-err><![CDATA[]]></system-err>
</testsuite>
